\BOOKMARK [0][-]{chapter.1}{Einleitung}{}% 1
\BOOKMARK [0][-]{chapter.2}{Rahmenbedingungen}{}% 2
\BOOKMARK [1][-]{section.2.1}{Art,Inhalt und Umfang dem Thema}{chapter.2}% 3
\BOOKMARK [1][-]{section.2.2}{Vorstellung des Projekt: StanDAP-Herb}{chapter.2}% 4
\BOOKMARK [0][-]{chapter.3}{Aufgaben der T\344tigkeit}{}% 5
\BOOKMARK [1][-]{section.3.1}{Aufgabenzuteilung}{chapter.3}% 6
\BOOKMARK [1][-]{section.3.2}{Aufgabenbeschreibung}{chapter.3}% 7
\BOOKMARK [2][-]{subsection.3.2.1}{Visual Studio 2008 \046 2010}{section.3.2}% 8
\BOOKMARK [2][-]{subsection.3.2.2}{OpenCV}{section.3.2}% 9
\BOOKMARK [2][-]{subsection.3.2.3}{GUI-Steuerung}{section.3.2}% 10
\BOOKMARK [2][-]{subsection.3.2.4}{XML-Analysierung}{section.3.2}% 11
\BOOKMARK [2][-]{subsection.3.2.5}{Fuzzy Search}{section.3.2}% 12
\BOOKMARK [2][-]{subsection.3.2.6}{Rest-Service}{section.3.2}% 13
\BOOKMARK [2][-]{subsection.3.2.7}{Auto-Cut}{section.3.2}% 14
\BOOKMARK [2][-]{subsection.3.2.8}{HSV Farbraume}{section.3.2}% 15
\BOOKMARK [2][-]{subsection.3.2.9}{Segmentierung}{section.3.2}% 16
\BOOKMARK [2][-]{subsection.3.2.10}{SVM-Klassifikator}{section.3.2}% 17
\BOOKMARK [2][-]{subsection.3.2.11}{Automatischer Objekterkennung}{section.3.2}% 18
\BOOKMARK [2][-]{subsection.3.2.12}{Json}{section.3.2}% 19
\BOOKMARK [0][-]{chapter.4}{Zusammenfassung}{}% 20
\BOOKMARK [1][-]{section.4.1}{Erfahrungsgewinnen}{chapter.4}% 21
\BOOKMARK [1][-]{section.4.2}{Auswirkungen auf die eigene Berufsvorstellung}{chapter.4}% 22
\BOOKMARK [1][-]{section.4.3}{Bewertung der eigenen Leistungen}{chapter.4}% 23
\BOOKMARK [1][-]{section.4.4}{R\374ckmeldung des Arbeitgebers}{chapter.4}% 24
\BOOKMARK [1][-]{section.4.5}{Zusammenfassung der T\344tigkeit}{chapter.4}% 25
